2025-07-09T00:25:22.7090026Z ***************************************************************************************************************
2025-07-09T00:25:22.7090069Z ****                                                                                                       ****
2025-07-09T00:25:22.7090075Z ****     !!! WARNING !!! 
2025-07-09T00:25:22.7090079Z ****     DO NOT share the log in public place! The log may contains secrets in plain text. 
2025-07-09T00:25:22.7090085Z ****     !!! WARNING !!! 
2025-07-09T00:25:22.7090101Z ****                                                                                                       ****
2025-07-09T00:25:22.7090106Z ***************************************************************************************************************
2025-07-09T00:25:22.7167386Z ***************************************************************************************************************
2025-07-09T00:25:22.7167423Z ****                                                                                                       ****
2025-07-09T00:25:22.7167552Z ****     Make Http request to https://api.github.com/ using node.js 
2025-07-09T00:25:22.7167568Z ****                                                                                                       ****
2025-07-09T00:25:22.7167572Z ***************************************************************************************************************
2025-07-09T00:25:22.7176273Z Run 'C:\Users\moral\OneDrive\Desktop\School\cse499\CI-CD_Project\actions-runner\externals\node20\bin\node.exe "C:\Users\moral\OneDrive\Desktop\School\cse499\CI-CD_Project\actions-runner\bin\checkScripts\makeWebRequest.js"' 
2025-07-09T00:25:22.7176307Z {
  "HOSTNAME": "api.github.com",
  "PORT": "443",
  "PATH": "/",
  "PAT": "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",
  "PROXYHOST": "",
  "PROXYPORT": "",
  "PROXYUSERNAME": "",
  "PROXYPASSWORD": ""
}
2025-07-09T00:25:36.0467649Z [STDOUT] statusCode: 200
2025-07-09T00:25:36.0485266Z [STDOUT] headers: {"date":"Wed, 09 Jul 2025 00:25:36 GMT","content-type":"application/json; charset=utf-8","content-length":"2262","cache-control":"private, max-age=60, s-maxage=60","vary":"Accept, Authorization, Cookie, X-GitHub-OTP,Accept-Encoding, Accept, X-Requested-With","etag":"\"dc8b8117bd813a0cf169b5ac6da4bbc62678fccf5a925674f4fe4e8c8d2b5d6d\"","x-oauth-scopes":"delete:packages, repo, workflow, write:packages","x-accepted-oauth-scopes":"","github-authentication-token-expiration":"2025-08-08 00:24:18 UTC","x-github-media-type":"github.v3; format=json","x-github-api-version-selected":"2022-11-28","x-ratelimit-limit":"5000","x-ratelimit-remaining":"4998","x-ratelimit-reset":"1752024317","x-ratelimit-used":"2","x-ratelimit-resource":"core","access-control-expose-headers":"ETag, Link, Location, Retry-After, X-GitHub-OTP, X-RateLimit-Limit, X-RateLimit-Remaining, X-RateLimit-Used, X-RateLimit-Resource, X-RateLimit-Reset, X-OAuth-Scopes, X-Accepted-OAuth-Scopes, X-Poll-Interval, X-GitHub-Media-Type, X-GitHub-SSO, X-GitHub-Request-Id, Deprecation, Sunset","access-control-allow-origin":"*","strict-transport-security":"max-age=31536000; includeSubdomains; preload","x-frame-options":"deny","x-content-type-options":"nosniff","x-xss-protection":"0","referrer-policy":"origin-when-cross-origin, strict-origin-when-cross-origin","content-security-policy":"default-src 'none'","server":"github.com","x-github-request-id":"9D85:378BE:F84B2F:FEA8A5:686DB700"}
2025-07-09T00:25:36.0654403Z [STDOUT] {"current_user_url":"https://api.github.com/user","current_user_authorizations_html_url":"https://github.com/settings/connections/applications{/client_id}","authorizations_url":"https://api.github.com/authorizations","code_search_url":"https://api.github.com/search/code?q={query}{&page,per_page,sort,order}","commit_search_url":"https://api.github.com/search/commits?q={query}{&page,per_page,sort,order}","emails_url":"https://api.github.com/user/emails","emojis_url":"https://api.github.com/emojis","events_url":"https://api.github.com/events","feeds_url":"https://api.github.com/feeds","followers_url":"https://api.github.com/user/followers","following_url":"https://api.github.com/user/following{/target}","gists_url":"https://api.github.com/gists{/gist_id}","hub_url":"https://api.github.com/hub","issue_search_url":"https://api.github.com/search/issues?q={query}{&page,per_page,sort,order}","issues_url":"https://api.github.com/issues","keys_url":"https://api.github.com/user/keys","label_search_url":"https://api.github.com/search/labels?q={query}&repository_id={repository_id}{&page,per_page}","notifications_url":"https://api.github.com/notifications","organization_url":"https://api.github.com/orgs/{org}","organization_repositories_url":"https://api.github.com/orgs/{org}/repos{?type,page,per_page,sort}","organization_teams_url":"https://api.github.com/orgs/{org}/teams","public_gists_url":"https://api.github.com/gists/public","rate_limit_url":"https://api.github.com/rate_limit","repository_url":"https://api.github.com/repos/{owner}/{repo}","repository_search_url":"https://api.github.com/search/repositories?q={query}{&page,per_page,sort,order}","current_user_repositories_url":"https://api.github.com/user/repos{?type,page,per_page,sort}","starred_url":"https://api.github.com/user/starred{/owner}{/repo}","starred_gists_url":"https://api.github.com/gists/starred","topic_search_url":"https://api.github.com/search/topics?q={query}{&page,per_page}","user_url":"https://api.github.com/users/{user}","user_organizations_url":"https://api.github.com/user/orgs","user_repositories_url":"https://api.github.com/users/{user}/repos{?type,page,per_page,sort}","user_search_url":"https://api.github.com/search/users?q={query}{&page,per_page,sort,order}"}
