[2025-04-09 02:17:16Z INFO HostContext] No proxy settings were found based on environmental variables (http_proxy/https_proxy/HTTP_PROXY/HTTPS_PROXY)
[2025-04-09 02:17:16Z INFO HostContext] Well known directory 'Bin': 'C:\Users\surplus\Desktop\School\CI-CD_Project\actions-runner\bin'
[2025-04-09 02:17:16Z INFO HostContext] Well known directory 'Root': 'C:\Users\surplus\Desktop\School\CI-CD_Project\actions-runner'
[2025-04-09 02:17:16Z INFO HostContext] Well known config file 'Credentials': 'C:\Users\surplus\Desktop\School\CI-CD_Project\actions-runner\.credentials'
[2025-04-09 02:17:16Z INFO HostContext] Well known directory 'Bin': 'C:\Users\surplus\Desktop\School\CI-CD_Project\actions-runner\bin'
[2025-04-09 02:17:16Z INFO HostContext] Well known directory 'Root': 'C:\Users\surplus\Desktop\School\CI-CD_Project\actions-runner'
[2025-04-09 02:17:16Z INFO HostContext] Well known config file 'Runner': 'C:\Users\surplus\Desktop\School\CI-CD_Project\actions-runner\.runner'
[2025-04-09 02:17:16Z INFO Listener] Runner is built for Windows (X64) - win-x64.
[2025-04-09 02:17:16Z INFO Listener] RuntimeInformation: Microsoft Windows 10.0.19045.
[2025-04-09 02:17:16Z INFO Listener] Version: 2.323.0
[2025-04-09 02:17:16Z INFO Listener] Commit: d8b82f44a9ec0258904d5869ae683c31d5aac299
[2025-04-09 02:17:16Z INFO Listener] Culture: en-US
[2025-04-09 02:17:16Z INFO Listener] UI Culture: en-US
[2025-04-09 02:17:16Z INFO HostContext] Well known directory 'Bin': 'C:\Users\surplus\Desktop\School\CI-CD_Project\actions-runner\bin'
[2025-04-09 02:17:16Z INFO HostContext] Well known directory 'Root': 'C:\Users\surplus\Desktop\School\CI-CD_Project\actions-runner'
[2025-04-09 02:17:16Z INFO Listener] Validating directory permissions for: 'C:\Users\surplus\Desktop\School\CI-CD_Project\actions-runner'
[2025-04-09 02:17:16Z INFO CommandLineParser] Parse
[2025-04-09 02:17:16Z INFO CommandLineParser] Parsing 1 args
[2025-04-09 02:17:16Z INFO CommandLineParser] parsing argument
[2025-04-09 02:17:16Z INFO CommandLineParser] HasArgs: False
[2025-04-09 02:17:16Z INFO CommandLineParser] Adding Command: configure
[2025-04-09 02:17:16Z INFO Listener] Arguments parsed
[2025-04-09 02:17:16Z INFO Runner] ExecuteCommand
[2025-04-09 02:17:16Z INFO ConfigurationStore] currentAssemblyLocation: C:\Users\surplus\Desktop\School\CI-CD_Project\actions-runner\bin\Runner.Listener.dll
[2025-04-09 02:17:16Z INFO HostContext] Well known directory 'Bin': 'C:\Users\surplus\Desktop\School\CI-CD_Project\actions-runner\bin'
[2025-04-09 02:17:16Z INFO ConfigurationStore] binPath: C:\Users\surplus\Desktop\School\CI-CD_Project\actions-runner\bin
[2025-04-09 02:17:16Z INFO HostContext] Well known directory 'Bin': 'C:\Users\surplus\Desktop\School\CI-CD_Project\actions-runner\bin'
[2025-04-09 02:17:16Z INFO HostContext] Well known directory 'Root': 'C:\Users\surplus\Desktop\School\CI-CD_Project\actions-runner'
[2025-04-09 02:17:16Z INFO ConfigurationStore] RootFolder: C:\Users\surplus\Desktop\School\CI-CD_Project\actions-runner
[2025-04-09 02:17:16Z INFO HostContext] Well known directory 'Bin': 'C:\Users\surplus\Desktop\School\CI-CD_Project\actions-runner\bin'
[2025-04-09 02:17:16Z INFO HostContext] Well known directory 'Root': 'C:\Users\surplus\Desktop\School\CI-CD_Project\actions-runner'
[2025-04-09 02:17:16Z INFO HostContext] Well known config file 'Runner': 'C:\Users\surplus\Desktop\School\CI-CD_Project\actions-runner\.runner'
[2025-04-09 02:17:16Z INFO ConfigurationStore] ConfigFilePath: C:\Users\surplus\Desktop\School\CI-CD_Project\actions-runner\.runner
[2025-04-09 02:17:16Z INFO HostContext] Well known directory 'Bin': 'C:\Users\surplus\Desktop\School\CI-CD_Project\actions-runner\bin'
[2025-04-09 02:17:16Z INFO HostContext] Well known directory 'Root': 'C:\Users\surplus\Desktop\School\CI-CD_Project\actions-runner'
[2025-04-09 02:17:16Z INFO HostContext] Well known config file 'MigratedRunner': 'C:\Users\surplus\Desktop\School\CI-CD_Project\actions-runner\.runner_migrated'
[2025-04-09 02:17:16Z INFO ConfigurationStore] MigratedConfigFilePath: C:\Users\surplus\Desktop\School\CI-CD_Project\actions-runner\.runner_migrated
[2025-04-09 02:17:16Z INFO HostContext] Well known directory 'Bin': 'C:\Users\surplus\Desktop\School\CI-CD_Project\actions-runner\bin'
[2025-04-09 02:17:16Z INFO HostContext] Well known directory 'Root': 'C:\Users\surplus\Desktop\School\CI-CD_Project\actions-runner'
[2025-04-09 02:17:16Z INFO HostContext] Well known config file 'Credentials': 'C:\Users\surplus\Desktop\School\CI-CD_Project\actions-runner\.credentials'
[2025-04-09 02:17:16Z INFO ConfigurationStore] CredFilePath: C:\Users\surplus\Desktop\School\CI-CD_Project\actions-runner\.credentials
[2025-04-09 02:17:16Z INFO HostContext] Well known directory 'Bin': 'C:\Users\surplus\Desktop\School\CI-CD_Project\actions-runner\bin'
[2025-04-09 02:17:16Z INFO HostContext] Well known directory 'Root': 'C:\Users\surplus\Desktop\School\CI-CD_Project\actions-runner'
[2025-04-09 02:17:16Z INFO HostContext] Well known config file 'MigratedCredentials': 'C:\Users\surplus\Desktop\School\CI-CD_Project\actions-runner\.credentials_migrated'
[2025-04-09 02:17:16Z INFO ConfigurationStore] MigratedCredFilePath: C:\Users\surplus\Desktop\School\CI-CD_Project\actions-runner\.credentials_migrated
[2025-04-09 02:17:16Z INFO HostContext] Well known directory 'Bin': 'C:\Users\surplus\Desktop\School\CI-CD_Project\actions-runner\bin'
[2025-04-09 02:17:16Z INFO HostContext] Well known directory 'Root': 'C:\Users\surplus\Desktop\School\CI-CD_Project\actions-runner'
[2025-04-09 02:17:16Z INFO HostContext] Well known config file 'Service': 'C:\Users\surplus\Desktop\School\CI-CD_Project\actions-runner\.service'
[2025-04-09 02:17:16Z INFO ConfigurationStore] ServiceConfigFilePath: C:\Users\surplus\Desktop\School\CI-CD_Project\actions-runner\.service
[2025-04-09 02:17:16Z INFO CommandSettings] Flag 'help': 'False'
[2025-04-09 02:17:16Z INFO CommandSettings] Flag 'version': 'False'
[2025-04-09 02:17:16Z INFO CommandSettings] Flag 'commit': 'False'
[2025-04-09 02:17:16Z INFO CommandSettings] Flag 'check': 'False'
[2025-04-09 02:17:16Z INFO CommandSettings] Command 'configure': 'True'
[2025-04-09 02:17:16Z INFO Terminal] WRITE LINE: 
[2025-04-09 02:17:16Z INFO Terminal] WRITE LINE: --------------------------------------------------------------------------------
[2025-04-09 02:17:16Z INFO Terminal] WRITE LINE: |        ____ _ _   _   _       _          _        _   _                      |
[2025-04-09 02:17:16Z INFO Terminal] WRITE LINE: |       / ___(_) |_| | | |_   _| |__      / \   ___| |_(_) ___  _ __  ___      |
[2025-04-09 02:17:16Z INFO Terminal] WRITE LINE: |      | |  _| | __| |_| | | | | '_ \    / _ \ / __| __| |/ _ \| '_ \/ __|     |
[2025-04-09 02:17:16Z INFO Terminal] WRITE LINE: |      | |_| | | |_|  _  | |_| | |_) |  / ___ \ (__| |_| | (_) | | | \__ \     |
[2025-04-09 02:17:16Z INFO Terminal] WRITE LINE: |       \____|_|\__|_| |_|\__,_|_.__/  /_/   \_\___|\__|_|\___/|_| |_|___/     |
[2025-04-09 02:17:16Z INFO Terminal] WRITE LINE: |                                                                              |
[2025-04-09 02:17:16Z INFO Terminal] WRITE: |                       
[2025-04-09 02:17:16Z INFO Terminal] WRITE: Self-hosted runner registration
[2025-04-09 02:17:16Z INFO Terminal] WRITE LINE:                         |
[2025-04-09 02:17:16Z INFO Terminal] WRITE LINE: |                                                                              |
[2025-04-09 02:17:16Z INFO Terminal] WRITE LINE: --------------------------------------------------------------------------------
[2025-04-09 02:17:16Z INFO ConfigurationManager] ConfigureAsync
[2025-04-09 02:17:16Z INFO CommandSettings] Flag 'generateServiceConfig': 'False'
[2025-04-09 02:17:16Z INFO ConfigurationStore] IsConfigured()
[2025-04-09 02:17:16Z INFO ConfigurationStore] IsConfigured: False
[2025-04-09 02:17:16Z INFO ConfigurationManager] Is configured: False
[2025-04-09 02:17:16Z INFO CommandSettings] Arg 'url': ''
[2025-04-09 02:17:16Z INFO CommandSettings] Flag 'unattended': 'False'
[2025-04-09 02:17:16Z INFO PromptManager] ReadValue
[2025-04-09 02:17:16Z INFO Terminal] WRITE: What is the URL of your repository? 
[2025-04-09 02:17:16Z INFO Terminal] READ LINE
[2025-04-09 02:19:37Z INFO Terminal] Read value: 'https://github.com/Emoral90/CI-CD_Project '
[2025-04-09 02:19:37Z INFO CommandSettings] Arg 'token': ''
[2025-04-09 02:19:37Z INFO CommandSettings] Flag 'unattended': 'False'
[2025-04-09 02:19:37Z INFO PromptManager] ReadValue
[2025-04-09 02:19:37Z INFO Terminal] WRITE: What is your runner register token? 
[2025-04-09 02:19:37Z INFO Terminal] READ SECRET
[2025-04-09 02:19:42Z INFO Terminal] Read value: '***'
[2025-04-09 02:19:43Z INFO ConfigurationManager] Http response code: OK from 'POST https://api.github.com/actions/runner-registration' (DFEE:166321:B1DCDA:1644A04:67F5D93F)
[2025-04-09 02:19:43Z INFO ConfigurationManager] Using V2 flow: False
[2025-04-09 02:19:43Z INFO ConfigurationManager] cred retrieved via GitHub auth
[2025-04-09 02:19:43Z INFO RunnerServer] EstablishVssConnection
[2025-04-09 02:19:43Z INFO RunnerServer] Establish connection with 100 seconds timeout.
[2025-04-09 02:19:43Z INFO GitHubActionsService] Starting operation Location.GetConnectionData
[2025-04-09 02:19:43Z INFO RunnerServer] EstablishVssConnection
[2025-04-09 02:19:43Z INFO RunnerServer] Establish connection with 60 seconds timeout.
[2025-04-09 02:19:43Z INFO GitHubActionsService] Starting operation Location.GetConnectionData
[2025-04-09 02:19:43Z INFO RunnerServer] EstablishVssConnection
[2025-04-09 02:19:43Z INFO RunnerServer] Establish connection with 60 seconds timeout.
[2025-04-09 02:19:43Z INFO GitHubActionsService] Starting operation Location.GetConnectionData
[2025-04-09 02:19:44Z INFO GitHubActionsService] Finished operation Location.GetConnectionData
[2025-04-09 02:19:44Z INFO GitHubActionsService] Finished operation Location.GetConnectionData
[2025-04-09 02:19:44Z INFO GitHubActionsService] Finished operation Location.GetConnectionData
[2025-04-09 02:19:44Z INFO Terminal] WRITE LINE: 
[2025-04-09 02:19:44Z INFO ConfigurationManager] Test Connection complete.
[2025-04-09 02:19:44Z INFO HostContext] Well known directory 'Bin': 'C:\Users\surplus\Desktop\School\CI-CD_Project\actions-runner\bin'
[2025-04-09 02:19:44Z INFO HostContext] Well known directory 'Root': 'C:\Users\surplus\Desktop\School\CI-CD_Project\actions-runner'
[2025-04-09 02:19:44Z INFO HostContext] Well known config file 'RSACredentials': 'C:\Users\surplus\Desktop\School\CI-CD_Project\actions-runner\.credentials_rsaparams'
[2025-04-09 02:19:44Z INFO RSAEncryptedFileKeyManager] Found existing RSA key parameters file C:\Users\surplus\Desktop\School\CI-CD_Project\actions-runner\.credentials_rsaparams
[2025-04-09 02:19:44Z INFO CommandSettings] Arg 'runnergroup': ''
[2025-04-09 02:19:44Z INFO CommandSettings] Flag 'unattended': 'False'
[2025-04-09 02:19:44Z INFO PromptManager] ReadValue
[2025-04-09 02:19:44Z INFO Terminal] WRITE: Enter the name of the runner group to add this runner to: 
[2025-04-09 02:19:44Z INFO Terminal] WRITE: [press Enter for Default] 
[2025-04-09 02:19:44Z INFO Terminal] READ LINE
[2025-04-09 02:19:59Z INFO Terminal] Read value: 'myWin10Runner'
[2025-04-09 02:19:59Z INFO Terminal] WRITE LINE: 
[2025-04-09 02:19:59Z ERR  Runner] GitHub.DistributedTask.WebApi.TaskAgentPoolNotFoundException: Could not find any self-hosted runner group named "myWin10Runner".
   at GitHub.Runner.Listener.Configuration.ConfigurationManager.ConfigureAsync(CommandSettings command)
   at GitHub.Runner.Listener.Runner.ExecuteCommand(CommandSettings command)
[2025-04-09 02:19:59Z ERR  Terminal] WRITE ERROR: Could not find any self-hosted runner group named "myWin10Runner".
[2025-04-09 02:19:59Z INFO Listener] Runner execution has finished with return code 1
