[2025-06-27 21:38:44Z INFO HostContext] No proxy settings were found based on environmental variables (http_proxy/https_proxy/HTTP_PROXY/HTTPS_PROXY)
[2025-06-27 21:38:44Z INFO HostContext] Well known directory 'Bin': 'C:\Users\moral\OneDrive\Desktop\School\cse499\CI-CD_Project\actions-runner\bin'
[2025-06-27 21:38:44Z INFO HostContext] Well known directory 'Root': 'C:\Users\moral\OneDrive\Desktop\School\cse499\CI-CD_Project\actions-runner'
[2025-06-27 21:38:44Z INFO HostContext] Well known config file 'Credentials': 'C:\Users\moral\OneDrive\Desktop\School\cse499\CI-CD_Project\actions-runner\.credentials'
[2025-06-27 21:38:44Z INFO HostContext] Well known directory 'Bin': 'C:\Users\moral\OneDrive\Desktop\School\cse499\CI-CD_Project\actions-runner\bin'
[2025-06-27 21:38:44Z INFO HostContext] Well known directory 'Root': 'C:\Users\moral\OneDrive\Desktop\School\cse499\CI-CD_Project\actions-runner'
[2025-06-27 21:38:44Z INFO HostContext] Well known config file 'Runner': 'C:\Users\moral\OneDrive\Desktop\School\cse499\CI-CD_Project\actions-runner\.runner'
[2025-06-27 21:38:44Z INFO Listener] Runner is built for Windows (X64) - win-x64.
[2025-06-27 21:38:44Z INFO Listener] RuntimeInformation: Microsoft Windows 10.0.22631.
[2025-06-27 21:38:44Z INFO Listener] Version: 2.323.0
[2025-06-27 21:38:44Z INFO Listener] Commit: d8b82f44a9ec0258904d5869ae683c31d5aac299
[2025-06-27 21:38:44Z INFO Listener] Culture: en-US
[2025-06-27 21:38:44Z INFO Listener] UI Culture: en-US
[2025-06-27 21:38:44Z INFO HostContext] Well known directory 'Bin': 'C:\Users\moral\OneDrive\Desktop\School\cse499\CI-CD_Project\actions-runner\bin'
[2025-06-27 21:38:44Z INFO HostContext] Well known directory 'Root': 'C:\Users\moral\OneDrive\Desktop\School\cse499\CI-CD_Project\actions-runner'
[2025-06-27 21:38:44Z INFO Listener] Validating directory permissions for: 'C:\Users\moral\OneDrive\Desktop\School\cse499\CI-CD_Project\actions-runner'
[2025-06-27 21:38:44Z INFO CommandLineParser] Parse
[2025-06-27 21:38:44Z INFO CommandLineParser] Parsing 1 args
[2025-06-27 21:38:44Z INFO CommandLineParser] parsing argument
[2025-06-27 21:38:44Z INFO CommandLineParser] HasArgs: False
[2025-06-27 21:38:44Z INFO CommandLineParser] Adding Command: configure
[2025-06-27 21:38:44Z INFO Listener] Arguments parsed
[2025-06-27 21:38:44Z INFO Runner] ExecuteCommand
[2025-06-27 21:38:44Z INFO ConfigurationStore] currentAssemblyLocation: C:\Users\moral\OneDrive\Desktop\School\cse499\CI-CD_Project\actions-runner\bin\Runner.Listener.dll
[2025-06-27 21:38:44Z INFO HostContext] Well known directory 'Bin': 'C:\Users\moral\OneDrive\Desktop\School\cse499\CI-CD_Project\actions-runner\bin'
[2025-06-27 21:38:44Z INFO ConfigurationStore] binPath: C:\Users\moral\OneDrive\Desktop\School\cse499\CI-CD_Project\actions-runner\bin
[2025-06-27 21:38:44Z INFO HostContext] Well known directory 'Bin': 'C:\Users\moral\OneDrive\Desktop\School\cse499\CI-CD_Project\actions-runner\bin'
[2025-06-27 21:38:44Z INFO HostContext] Well known directory 'Root': 'C:\Users\moral\OneDrive\Desktop\School\cse499\CI-CD_Project\actions-runner'
[2025-06-27 21:38:44Z INFO ConfigurationStore] RootFolder: C:\Users\moral\OneDrive\Desktop\School\cse499\CI-CD_Project\actions-runner
[2025-06-27 21:38:44Z INFO HostContext] Well known directory 'Bin': 'C:\Users\moral\OneDrive\Desktop\School\cse499\CI-CD_Project\actions-runner\bin'
[2025-06-27 21:38:44Z INFO HostContext] Well known directory 'Root': 'C:\Users\moral\OneDrive\Desktop\School\cse499\CI-CD_Project\actions-runner'
[2025-06-27 21:38:44Z INFO HostContext] Well known config file 'Runner': 'C:\Users\moral\OneDrive\Desktop\School\cse499\CI-CD_Project\actions-runner\.runner'
[2025-06-27 21:38:44Z INFO ConfigurationStore] ConfigFilePath: C:\Users\moral\OneDrive\Desktop\School\cse499\CI-CD_Project\actions-runner\.runner
[2025-06-27 21:38:44Z INFO HostContext] Well known directory 'Bin': 'C:\Users\moral\OneDrive\Desktop\School\cse499\CI-CD_Project\actions-runner\bin'
[2025-06-27 21:38:44Z INFO HostContext] Well known directory 'Root': 'C:\Users\moral\OneDrive\Desktop\School\cse499\CI-CD_Project\actions-runner'
[2025-06-27 21:38:44Z INFO HostContext] Well known config file 'MigratedRunner': 'C:\Users\moral\OneDrive\Desktop\School\cse499\CI-CD_Project\actions-runner\.runner_migrated'
[2025-06-27 21:38:44Z INFO ConfigurationStore] MigratedConfigFilePath: C:\Users\moral\OneDrive\Desktop\School\cse499\CI-CD_Project\actions-runner\.runner_migrated
[2025-06-27 21:38:44Z INFO HostContext] Well known directory 'Bin': 'C:\Users\moral\OneDrive\Desktop\School\cse499\CI-CD_Project\actions-runner\bin'
[2025-06-27 21:38:44Z INFO HostContext] Well known directory 'Root': 'C:\Users\moral\OneDrive\Desktop\School\cse499\CI-CD_Project\actions-runner'
[2025-06-27 21:38:44Z INFO HostContext] Well known config file 'Credentials': 'C:\Users\moral\OneDrive\Desktop\School\cse499\CI-CD_Project\actions-runner\.credentials'
[2025-06-27 21:38:44Z INFO ConfigurationStore] CredFilePath: C:\Users\moral\OneDrive\Desktop\School\cse499\CI-CD_Project\actions-runner\.credentials
[2025-06-27 21:38:44Z INFO HostContext] Well known directory 'Bin': 'C:\Users\moral\OneDrive\Desktop\School\cse499\CI-CD_Project\actions-runner\bin'
[2025-06-27 21:38:44Z INFO HostContext] Well known directory 'Root': 'C:\Users\moral\OneDrive\Desktop\School\cse499\CI-CD_Project\actions-runner'
[2025-06-27 21:38:44Z INFO HostContext] Well known config file 'MigratedCredentials': 'C:\Users\moral\OneDrive\Desktop\School\cse499\CI-CD_Project\actions-runner\.credentials_migrated'
[2025-06-27 21:38:44Z INFO ConfigurationStore] MigratedCredFilePath: C:\Users\moral\OneDrive\Desktop\School\cse499\CI-CD_Project\actions-runner\.credentials_migrated
[2025-06-27 21:38:44Z INFO HostContext] Well known directory 'Bin': 'C:\Users\moral\OneDrive\Desktop\School\cse499\CI-CD_Project\actions-runner\bin'
[2025-06-27 21:38:44Z INFO HostContext] Well known directory 'Root': 'C:\Users\moral\OneDrive\Desktop\School\cse499\CI-CD_Project\actions-runner'
[2025-06-27 21:38:44Z INFO HostContext] Well known config file 'Service': 'C:\Users\moral\OneDrive\Desktop\School\cse499\CI-CD_Project\actions-runner\.service'
[2025-06-27 21:38:44Z INFO ConfigurationStore] ServiceConfigFilePath: C:\Users\moral\OneDrive\Desktop\School\cse499\CI-CD_Project\actions-runner\.service
[2025-06-27 21:38:44Z INFO CommandSettings] Flag 'help': 'False'
[2025-06-27 21:38:44Z INFO CommandSettings] Flag 'version': 'False'
[2025-06-27 21:38:44Z INFO CommandSettings] Flag 'commit': 'False'
[2025-06-27 21:38:44Z INFO CommandSettings] Flag 'check': 'False'
[2025-06-27 21:38:44Z INFO CommandSettings] Command 'configure': 'True'
[2025-06-27 21:38:44Z INFO Terminal] WRITE LINE: 
[2025-06-27 21:38:44Z INFO Terminal] WRITE LINE: --------------------------------------------------------------------------------
[2025-06-27 21:38:44Z INFO Terminal] WRITE LINE: |        ____ _ _   _   _       _          _        _   _                      |
[2025-06-27 21:38:44Z INFO Terminal] WRITE LINE: |       / ___(_) |_| | | |_   _| |__      / \   ___| |_(_) ___  _ __  ___      |
[2025-06-27 21:38:44Z INFO Terminal] WRITE LINE: |      | |  _| | __| |_| | | | | '_ \    / _ \ / __| __| |/ _ \| '_ \/ __|     |
[2025-06-27 21:38:44Z INFO Terminal] WRITE LINE: |      | |_| | | |_|  _  | |_| | |_) |  / ___ \ (__| |_| | (_) | | | \__ \     |
[2025-06-27 21:38:44Z INFO Terminal] WRITE LINE: |       \____|_|\__|_| |_|\__,_|_.__/  /_/   \_\___|\__|_|\___/|_| |_|___/     |
[2025-06-27 21:38:44Z INFO Terminal] WRITE LINE: |                                                                              |
[2025-06-27 21:38:44Z INFO Terminal] WRITE: |                       
[2025-06-27 21:38:44Z INFO Terminal] WRITE: Self-hosted runner registration
[2025-06-27 21:38:44Z INFO Terminal] WRITE LINE:                         |
[2025-06-27 21:38:44Z INFO Terminal] WRITE LINE: |                                                                              |
[2025-06-27 21:38:44Z INFO Terminal] WRITE LINE: --------------------------------------------------------------------------------
[2025-06-27 21:38:44Z INFO ConfigurationManager] ConfigureAsync
[2025-06-27 21:38:44Z INFO CommandSettings] Flag 'generateServiceConfig': 'False'
[2025-06-27 21:38:44Z INFO ConfigurationStore] IsConfigured()
[2025-06-27 21:38:44Z INFO ConfigurationStore] IsConfigured: False
[2025-06-27 21:38:44Z INFO ConfigurationManager] Is configured: False
[2025-06-27 21:38:44Z INFO CommandSettings] Arg 'url': ''
[2025-06-27 21:38:44Z INFO CommandSettings] Flag 'unattended': 'False'
[2025-06-27 21:38:44Z INFO PromptManager] ReadValue
[2025-06-27 21:38:44Z INFO Terminal] WRITE: What is the URL of your repository? 
[2025-06-27 21:38:44Z INFO Terminal] READ LINE
[2025-06-28 00:12:32Z INFO Terminal] Read value: 'https://github.com/Emoral90/CI-CD_Project.git'
[2025-06-28 00:12:32Z INFO CommandSettings] Arg 'token': ''
[2025-06-28 00:12:32Z INFO CommandSettings] Flag 'unattended': 'False'
[2025-06-28 00:12:32Z INFO PromptManager] ReadValue
[2025-06-28 00:12:32Z INFO Terminal] WRITE: What is your runner register token? 
[2025-06-28 00:12:32Z INFO Terminal] READ SECRET
